<?xml version="1.0" encoding="UTF-8"?>
<!-- Generated by org.testng.reporters.JUnitXMLReporter -->
<testsuite hostname="DESKTOP-B9T8IP8" ignored="0" name="Default test" tests="3" failures="0" timestamp="2021-05-11T01:36:28 ICT" time="30.663" errors="0">
  <testcase name="login_Standard" time="9.861" classname="Exercisemvn.Testcase_login"/>
  <testcase name="login_failure" time="6.294" classname="Exercisemvn.Testcase_login"/>
  <testcase name="login_problem" time="12.428" classname="Exercisemvn.Testcase_login"/>
</testsuite> <!-- Default test -->
