<?xml version="1.0" encoding="UTF-8"?>
<testng-results skipped="0" failed="0" ignored="0" total="1" passed="1">
  <reporter-output>
  </reporter-output>
  <suite name="Suite_demo" duration-ms="6694" started-at="2021-06-02T21:09:47 ICT" finished-at="2021-06-02T21:09:54 ICT">
    <groups>
    </groups>
    <test name="Demo_Chrome" duration-ms="6694" started-at="2021-06-02T21:09:47 ICT" finished-at="2021-06-02T21:09:54 ICT">
      <class name="ExercisemvnTestcase.Testcase_Items">
        <test-method status="PASS" signature="driver_open(java.lang.String)[pri:0, instance:ExercisemvnTestcase.Testcase_Items@4b1c1ea0]" name="driver_open" is-config="true" duration-ms="2486" started-at="2021-06-02T21:09:47 ICT" finished-at="2021-06-02T21:09:50 ICT">
          <params>
            <param index="0">
              <value>
                <![CDATA[Chrome]]>
              </value>
            </param>
          </params>
          <reporter-output>
          </reporter-output>
        </test-method> <!-- driver_open -->
        <test-method status="PASS" signature="verify_content_3()[pri:2, instance:ExercisemvnTestcase.Testcase_Items@4b1c1ea0]" name="verify_content_3" duration-ms="3815" started-at="2021-06-02T21:09:50 ICT" finished-at="2021-06-02T21:09:54 ICT">
          <reporter-output>
          </reporter-output>
        </test-method> <!-- verify_content_3 -->
        <test-method status="PASS" signature="getResult(org.testng.ITestResult)[pri:0, instance:ExercisemvnTestcase.Testcase_Items@4b1c1ea0]" name="getResult" is-config="true" duration-ms="2" started-at="2021-06-02T21:09:54 ICT" finished-at="2021-06-02T21:09:54 ICT">
          <params>
            <param index="0">
              <value>
                <![CDATA[[TestResult name=verify_content_3 status=SUCCESS method=Testcase_Items.verify_content_3()[pri:2, instance:ExercisemvnTestcase.Testcase_Items@4b1c1ea0] output={null}]]]>
              </value>
            </param>
          </params>
          <reporter-output>
          </reporter-output>
        </test-method> <!-- getResult -->
        <test-method status="PASS" signature="driver_quit()[pri:0, instance:ExercisemvnTestcase.Testcase_Items@4b1c1ea0]" name="driver_quit" is-config="true" duration-ms="367" started-at="2021-06-02T21:09:54 ICT" finished-at="2021-06-02T21:09:54 ICT">
          <reporter-output>
          </reporter-output>
        </test-method> <!-- driver_quit -->
      </class> <!-- ExercisemvnTestcase.Testcase_Items -->
    </test> <!-- Demo_Chrome -->
  </suite> <!-- Suite_demo -->
</testng-results>
