<?xml version="1.0" encoding="UTF-8"?>
<testng-results skipped="0" failed="0" ignored="0" total="4" passed="4">
  <reporter-output>
  </reporter-output>
  <suite name="Suite_demo" duration-ms="19981" started-at="2021-06-08T19:32:52 ICT" finished-at="2021-06-08T19:33:12 ICT">
    <groups>
    </groups>
    <test name="Demo_Chrome" duration-ms="19981" started-at="2021-06-08T19:32:52 ICT" finished-at="2021-06-08T19:33:12 ICT">
      <class name="ExercisemvnTestcase.Testcase_Items">
        <test-method status="PASS" signature="driver_open(java.lang.String, java.lang.String)[pri:0, instance:ExercisemvnTestcase.Testcase_Items@33c7e1bb]" name="driver_open" is-config="true" duration-ms="3311" started-at="2021-06-08T19:32:52 ICT" finished-at="2021-06-08T19:32:55 ICT">
          <params>
            <param index="0">
              <value>
                <![CDATA[Chrome]]>
              </value>
            </param>
            <param index="1">
              <value>
                <![CDATA[Data.xlsx]]>
              </value>
            </param>
          </params>
          <reporter-output>
          </reporter-output>
        </test-method> <!-- driver_open -->
        <test-method status="PASS" signature="products_page()[pri:1, instance:ExercisemvnTestcase.Testcase_Items@33c7e1bb]" name="products_page" duration-ms="5976" started-at="2021-06-08T19:32:55 ICT" finished-at="2021-06-08T19:33:01 ICT">
          <reporter-output>
          </reporter-output>
        </test-method> <!-- products_page -->
        <test-method status="PASS" signature="getResult(org.testng.ITestResult)[pri:0, instance:ExercisemvnTestcase.Testcase_Items@33c7e1bb]" name="getResult" is-config="true" duration-ms="2" started-at="2021-06-08T19:33:01 ICT" finished-at="2021-06-08T19:33:01 ICT">
          <params>
            <param index="0">
              <value>
                <![CDATA[[TestResult name=products_page status=SUCCESS method=Testcase_Items.products_page()[pri:1, instance:ExercisemvnTestcase.Testcase_Items@33c7e1bb] output={null}]]]>
              </value>
            </param>
          </params>
          <reporter-output>
          </reporter-output>
        </test-method> <!-- getResult -->
        <test-method status="PASS" signature="verify_content_1()[pri:2, instance:ExercisemvnTestcase.Testcase_Items@33c7e1bb]" name="verify_content_1" duration-ms="3682" started-at="2021-06-08T19:33:01 ICT" finished-at="2021-06-08T19:33:05 ICT">
          <reporter-output>
          </reporter-output>
        </test-method> <!-- verify_content_1 -->
        <test-method status="PASS" signature="getResult(org.testng.ITestResult)[pri:0, instance:ExercisemvnTestcase.Testcase_Items@33c7e1bb]" name="getResult" is-config="true" duration-ms="0" started-at="2021-06-08T19:33:05 ICT" finished-at="2021-06-08T19:33:05 ICT">
          <params>
            <param index="0">
              <value>
                <![CDATA[[TestResult name=verify_content_1 status=SUCCESS method=Testcase_Items.verify_content_1()[pri:2, instance:ExercisemvnTestcase.Testcase_Items@33c7e1bb] output={null}]]]>
              </value>
            </param>
          </params>
          <reporter-output>
          </reporter-output>
        </test-method> <!-- getResult -->
        <test-method status="PASS" signature="verify_content_2()[pri:2, instance:ExercisemvnTestcase.Testcase_Items@33c7e1bb]" name="verify_content_2" duration-ms="4212" started-at="2021-06-08T19:33:05 ICT" finished-at="2021-06-08T19:33:09 ICT">
          <reporter-output>
          </reporter-output>
        </test-method> <!-- verify_content_2 -->
        <test-method status="PASS" signature="getResult(org.testng.ITestResult)[pri:0, instance:ExercisemvnTestcase.Testcase_Items@33c7e1bb]" name="getResult" is-config="true" duration-ms="0" started-at="2021-06-08T19:33:09 ICT" finished-at="2021-06-08T19:33:09 ICT">
          <params>
            <param index="0">
              <value>
                <![CDATA[[TestResult name=verify_content_2 status=SUCCESS method=Testcase_Items.verify_content_2()[pri:2, instance:ExercisemvnTestcase.Testcase_Items@33c7e1bb] output={null}]]]>
              </value>
            </param>
          </params>
          <reporter-output>
          </reporter-output>
        </test-method> <!-- getResult -->
        <test-method status="PASS" signature="verify_content_3()[pri:2, instance:ExercisemvnTestcase.Testcase_Items@33c7e1bb]" name="verify_content_3" duration-ms="2262" started-at="2021-06-08T19:33:09 ICT" finished-at="2021-06-08T19:33:11 ICT">
          <reporter-output>
          </reporter-output>
        </test-method> <!-- verify_content_3 -->
        <test-method status="PASS" signature="getResult(org.testng.ITestResult)[pri:0, instance:ExercisemvnTestcase.Testcase_Items@33c7e1bb]" name="getResult" is-config="true" duration-ms="0" started-at="2021-06-08T19:33:11 ICT" finished-at="2021-06-08T19:33:11 ICT">
          <params>
            <param index="0">
              <value>
                <![CDATA[[TestResult name=verify_content_3 status=SUCCESS method=Testcase_Items.verify_content_3()[pri:2, instance:ExercisemvnTestcase.Testcase_Items@33c7e1bb] output={null}]]]>
              </value>
            </param>
          </params>
          <reporter-output>
          </reporter-output>
        </test-method> <!-- getResult -->
        <test-method status="PASS" signature="driver_quit()[pri:0, instance:ExercisemvnTestcase.Testcase_Items@33c7e1bb]" name="driver_quit" is-config="true" duration-ms="498" started-at="2021-06-08T19:33:11 ICT" finished-at="2021-06-08T19:33:12 ICT">
          <reporter-output>
          </reporter-output>
        </test-method> <!-- driver_quit -->
      </class> <!-- ExercisemvnTestcase.Testcase_Items -->
    </test> <!-- Demo_Chrome -->
  </suite> <!-- Suite_demo -->
</testng-results>
