<?xml version="1.0" encoding="UTF-8"?>
<!-- Generated by org.testng.reporters.JUnitXMLReporter -->
<testsuite hostname="DESKTOP-B9T8IP8" ignored="0" name="Demo_Chrome" tests="1" failures="0" timestamp="2021-06-10T10:30:55 ICT" time="9.588" errors="0">
  <testcase name="@AfterMethod getResult" time="0.005" classname="ExerciseBaseCommon.BaseTest">
    <failure type="java.lang.NullPointerException">
      <![CDATA[java.lang.NullPointerException
at ExerciseBaseCommon.BaseTest.getResult(BaseTest.java:166)
at java.util.ArrayList.forEach(ArrayList.java:1259)
... Removed 32 stack frames]]>
    </failure>
  </testcase> <!-- @AfterMethod getResult -->
  <testcase name="login_error_page" time="2.951" classname="ExercisemvnTestcase.Testcase_login"/>
</testsuite> <!-- Demo_Chrome -->
