<?xml version="1.0" encoding="UTF-8"?>
<!-- Generated by org.testng.reporters.JUnitXMLReporter -->
<testsuite hostname="DESKTOP-B9T8IP8" ignored="0" name="Demo_Chrome" tests="5" failures="0" timestamp="2021-06-23T20:04:51 ICT" time="30.742" errors="0">
  <testcase name="buy_an_item" time="10.084" classname="ExercisemvnTestcase.Testcase_Navigation"/>
  <testcase name="About" time="6.468" classname="ExercisemvnTestcase.Testcase_Navigation"/>
  <testcase name="all_item" time="2.675" classname="ExercisemvnTestcase.Testcase_Navigation"/>
  <testcase name="Check_cart_number" time="7.274" classname="ExercisemvnTestcase.Testcase_Navigation"/>
  <testcase name="logout" time="1.04" classname="ExercisemvnTestcase.Testcase_Navigation"/>
</testsuite> <!-- Demo_Chrome -->
