<?xml version="1.0" encoding="UTF-8"?>
<!-- Generated by org.testng.reporters.JUnitXMLReporter -->
<testsuite hostname="DESKTOP-B9T8IP8" ignored="2" name="Demo_Firefox" tests="8" failures="0" timestamp="2021-05-11T01:46:18 ICT" time="127.863" errors="0">
  <testcase name="login_Standard" time="10.252" classname="Exercisemvn.Testcase_login"/>
  <testcase name="login_failure" time="6.29" classname="Exercisemvn.Testcase_login"/>
  <testcase name="login_problem" time="13.115" classname="Exercisemvn.Testcase_login"/>
  <testcase name="buy_an_item" time="22.647" classname="Exercisemvn.Testcase_Inventory"/>
  <testcase name="About" time="16.606" classname="Exercisemvn.Testcase_Inventory"/>
  <testcase name="all_item" time="15.987" classname="Exercisemvn.Testcase_Inventory"/>
  <testcase name="Check_cart_number" time="22.317" classname="Exercisemvn.Testcase_Inventory"/>
  <testcase name="logout" time="9.771" classname="Exercisemvn.Testcase_Inventory"/>
  <testcase name="@AfterTest driver_quit" time="0.0" classname="Exercisemvn.manage_driver">
    <ignored/>
  </testcase> <!-- @AfterTest driver_quit -->
  <testcase name="@BeforeTest driver_open" time="0.0" classname="Exercisemvn.manage_driver">
    <ignored/>
  </testcase> <!-- @BeforeTest driver_open -->
</testsuite> <!-- Demo_Firefox -->
